This is pdfTeX, Version 3.1415926-1.40.11 (TeX Live 2010) (format=.report 2011.4.8)  9 APR 2011 13:14
entering extended mode
 restricted \write18 enabled.
 %&-line parsing enabled.
**&.report "./.report.tex"
(./.report.tex
LaTeX2e <2009/09/24>
Babel <v3.8l> and hyphenation patterns for english, dumylang, nohyphenation, ge
rman-x-2009-06-19, ngerman-x-2009-06-19, ancientgreek, ibycus, arabic, armenian
, basque, bulgarian, catalan, pinyin, coptic, croatian, czech, danish, dutch, u
kenglish, usenglishmax, esperanto, estonian, farsi, finnish, french, galician, 
german, ngerman, swissgerman, monogreek, greek, hungarian, icelandic, assamese,
 bengali, gujarati, hindi, kannada, malayalam, marathi, oriya, panjabi, tamil, 
telugu, indonesian, interlingua, irish, italian, kurmanji, lao, latin, latvian,
 lithuanian, mongolian, mongolianlmc, bokmal, nynorsk, polish, portuguese, roma
nian, russian, sanskrit, serbian, slovak, slovenian, spanish, swedish, turkish,
 turkmen, ukrainian, uppersorbian, welsh, loaded.
(./.report.aux)
\openout1 = `.report.aux'.

LaTeX Font Info:    Checking defaults for OML/cmm/m/it on input line 1.
LaTeX Font Info:    ... okay on input line 1.
LaTeX Font Info:    Checking defaults for T1/cmr/m/n on input line 1.
LaTeX Font Info:    ... okay on input line 1.
LaTeX Font Info:    Checking defaults for OT1/cmr/m/n on input line 1.
LaTeX Font Info:    ... okay on input line 1.
LaTeX Font Info:    Checking defaults for OMS/cmsy/m/n on input line 1.
LaTeX Font Info:    ... okay on input line 1.
LaTeX Font Info:    Checking defaults for OMX/cmex/m/n on input line 1.
LaTeX Font Info:    ... okay on input line 1.
LaTeX Font Info:    Checking defaults for U/cmr/m/n on input line 1.
LaTeX Font Info:    ... okay on input line 1.
LaTeX Font Info:    External font `cmex10' loaded for size
(Font)              <14.4> on input line 5.
LaTeX Font Info:    External font `cmex10' loaded for size
(Font)              <7> on input line 5.
[1


{/usr/local/texlive/2010/texmf-var/fonts/map/pdftex/updmap/pdftex.map}] (./.rep
ort.toc)
\tf@toc=\write3
\openout3 = `.report.toc'.

(./introduction.tex [2

]
Chapter 1.
) (./context.tex [3

]
Chapter 2.
) (./problem.tex [4

]
Chapter 3.
) (./design.tex [5

]
Chapter 4.
) (./implementation.tex [6

]
Chapter 5.
)
No file .report.bbl.
[7

] (./.report.aux) ) 
Here is how much of TeX's memory you used:
 73 strings out of 492549
 1195 string characters out of 3124946
 93098 words of memory out of 3000000
 4599 multiletter control sequences out of 15000+200000
 6040 words of font info for 22 fonts, out of 3000000 for 9000
 714 hyphenation exceptions out of 8191
 21i,7n,19p,158b,218s stack positions out of 5000i,500n,10000p,200000b,50000s
</usr/local/texlive/2010/texmf-dist/fonts/type1/public/amsfo
nts/cm/cmr10.pfb></usr/local/texlive/2010/texmf-dist/fonts/type1/public/amsfont
s/cm/cmr12.pfb></usr/local/texlive/2010/texmf-dist/fonts/type1/public/amsfonts/
cm/cmssbx10.pfb>
Output written on .report.pdf (7 pages, 41533 bytes).
PDF statistics:
 40 PDF objects out of 1000 (max. 8388607)
 27 compressed objects within 1 object stream
 0 named destinations out of 1000 (max. 500000)
 1 words of extra memory for PDF output out of 10000 (max. 10000000)

